<?xml version="1.0" encoding="UTF-8"?>
<!-- Generated by org.testng.reporters.JUnitReportReporter -->
<testsuite hostname="DESKTOP-EQ55Q8H" failures="0" tests="3" name="com.testng.features.Ignore_Concept" time="0.005" errors="0" timestamp="2022-04-20T01:59:08 IST" skipped="1">
  <testcase classname="com.testng.features.Ignore_Concept" name="shawarma" time="0.000"/>
  <system-out/>
  <testcase classname="com.testng.features.Ignore_Concept" name="chicken" time="0.005"/>
  <system-out/>
  <testcase classname="com.testng.features.Ignore_Concept" name="fish">
    <skipped/>
  </testcase> <!-- fish -->
  <system-out/>
</testsuite> <!-- com.testng.features.Ignore_Concept -->
