<?xml version="1.0" encoding="UTF-8"?>
<!-- Generated by org.testng.reporters.JUnitReportReporter -->
<testsuite hostname="DESKTOP-EQ55Q8H" failures="0" tests="2" name="com.testng.features.Grouping_Concept" time="0.005" errors="0" timestamp="2022-04-12T22:33:27 IST" skipped="0">
  <testcase classname="com.testng.features.Grouping_Concept" name="panner" time="0.005"/>
  <system-out/>
  <testcase classname="com.testng.features.Grouping_Concept" name="shawarma" time="0.000"/>
  <system-out/>
</testsuite> <!-- com.testng.features.Grouping_Concept -->
