<?xml version="1.0" encoding="UTF-8"?>
<!-- Generated by org.testng.reporters.JUnitReportReporter -->
<testsuite hostname="DESKTOP-EQ55Q8H" failures="0" tests="3" name="com.testng.features.Dataprovider_Concept" time="0.006" errors="0" timestamp="2022-04-20T02:23:40 IST" skipped="0">
  <testcase classname="com.testng.features.Dataprovider_Concept" name="credentials" time="0.001"/>
  <system-out/>
  <testcase classname="com.testng.features.Dataprovider_Concept" name="credentials" time="0.001"/>
  <system-out/>
  <testcase classname="com.testng.features.Dataprovider_Concept" name="credentials" time="0.004"/>
  <system-out/>
</testsuite> <!-- com.testng.features.Dataprovider_Concept -->
