<?xml version="1.0" encoding="UTF-8"?>
<!-- Generated by org.testng.reporters.JUnitReportReporter -->
<testsuite hostname="DESKTOP-EQ55Q8H" failures="0" tests="3" name="com.testng.features.Parrallel_Concept" time="0.018" errors="0" timestamp="2022-04-20T01:49:48 IST" skipped="0">
  <testcase classname="com.testng.features.Parrallel_Concept" name="instagram" time="0.006"/>
  <system-out/>
  <testcase classname="com.testng.features.Parrallel_Concept" name="facebook" time="0.006"/>
  <system-out/>
  <testcase classname="com.testng.features.Parrallel_Concept" name="youtube" time="0.006"/>
  <system-out/>
</testsuite> <!-- com.testng.features.Parrallel_Concept -->
