<?xml version="1.0" encoding="UTF-8"?>
<!-- Generated by org.testng.reporters.JUnitReportReporter -->
<testsuite hostname="DESKTOP-EQ55Q8H" failures="0" tests="1" name="com.testng.features.Soft_Assert_Concept" time="0.007" errors="0" timestamp="2022-04-20T01:54:12 IST" skipped="0">
  <testcase classname="com.testng.features.Soft_Assert_Concept" name="user_Password" time="0.007"/>
  <system-out/>
</testsuite> <!-- com.testng.features.Soft_Assert_Concept -->
