<?xml version="1.0" encoding="UTF-8"?>
<!-- Generated by org.testng.reporters.JUnitReportReporter -->
<testsuite hostname="DESKTOP-EQ55Q8H" failures="0" tests="2" name="com.testng.features.Dependency_Concept" time="0.005" errors="0" timestamp="2022-04-20T02:04:26 IST" skipped="0">
  <testcase classname="com.testng.features.Dependency_Concept" name="tenth" time="0.005"/>
  <system-out/>
  <testcase classname="com.testng.features.Dependency_Concept" name="twelth" time="0.000"/>
  <system-out/>
</testsuite> <!-- com.testng.features.Dependency_Concept -->
