<?xml version="1.0" encoding="UTF-8"?>
<!-- Generated by org.testng.reporters.JUnitReportReporter -->
<testsuite hostname="DESKTOP-EQ55Q8H" failures="0" tests="1" name="com.testng.features.ExpectedException_Concept" time="0.004" errors="0" timestamp="2022-04-20T02:05:22 IST" skipped="0">
  <testcase classname="com.testng.features.ExpectedException_Concept" name="demoi" time="0.004"/>
  <system-out/>
</testsuite> <!-- com.testng.features.ExpectedException_Concept -->
