<?xml version="1.0" encoding="UTF-8"?>
<!-- Generated by org.testng.reporters.JUnitReportReporter -->
<testsuite hostname="DESKTOP-EQ55Q8H" failures="0" tests="1" name="com.testng.features.Paramaterized_Concept" time="0.005" errors="0" timestamp="2022-04-20T02:22:40 IST" skipped="0">
  <testcase classname="com.testng.features.Paramaterized_Concept" name="credentials" time="0.005"/>
  <system-out/>
</testsuite> <!-- com.testng.features.Paramaterized_Concept -->
