<?xml version="1.0" encoding="UTF-8"?>
<!-- Generated by org.testng.reporters.JUnitReportReporter -->
<testsuite hostname="DESKTOP-EQ55Q8H" failures="0" tests="8" name="com.testng.features.Simple_Annotaions" time="0.009" errors="0" timestamp="2022-04-20T01:56:24 IST" skipped="0">
  <testcase classname="com.testng.features.Simple_Annotaions" name="women" time="0.003"/>
  <system-out/>
  <testcase classname="com.testng.features.Simple_Annotaions" name="secondKid" time="0.001"/>
  <system-out/>
  <testcase classname="com.testng.features.Simple_Annotaions" name="firstKid" time="0.001"/>
  <system-out/>
  <testcase classname="com.testng.features.Simple_Annotaions" name="firstKid" time="0.001"/>
  <system-out/>
  <testcase classname="com.testng.features.Simple_Annotaions" name="firstKid" time="0.001"/>
  <system-out/>
  <testcase classname="com.testng.features.Simple_Annotaions" name="men" time="0.000"/>
  <system-out/>
  <testcase classname="com.testng.features.Simple_Annotaions" name="firstKid" time="0.001"/>
  <system-out/>
  <testcase classname="com.testng.features.Simple_Annotaions" name="firstKid" time="0.001"/>
  <system-out/>
</testsuite> <!-- com.testng.features.Simple_Annotaions -->
